<?xml version="1.0" encoding="UTF-8"?>
<!-- Generated by org.testng.reporters.JUnitXMLReporter -->
<testsuite ignored="0" hostname="DESKTOP-EQ0RH0B" failures="0" tests="3" name="Test" time="115.502" errors="0" timestamp="2020-08-18T19:45:05 BRT">
  <testcase classname="br.com.recatalog.B3DataAutomation.pages.ResumoEmpresaPageTest" name="validatePageTest" time="10.109"/>
  <testcase classname="br.com.recatalog.B3DataAutomation.pages.ResumoEmpresaPageTest" name="stockCodeTest" time="10.14"/>
  <testcase classname="br.com.recatalog.B3DataAutomation.pages.ResumoEmpresaPageTest" name="clickOnVoltarTest" time="0.12"/>
</testsuite> <!-- Test -->
