<?xml version="1.0" encoding="UTF-8"?>
<testng-results ignored="0" total="3" passed="2" failed="1" skipped="0">
  <reporter-output>
  </reporter-output>
  <suite started-at="2020-08-18T08:01:36 BRT" name="Suite" finished-at="2020-08-18T08:04:20 BRT" duration-ms="163794">
    <groups>
    </groups>
    <test started-at="2020-08-18T08:01:36 BRT" name="Test" finished-at="2020-08-18T08:04:20 BRT" duration-ms="163794">
      <class name="br.com.recatalog.B3DataAutomation.pages.ResumoEmpresaPageTest">
        <test-method is-config="true" signature="setup()[pri:0, instance:br.com.recatalog.B3DataAutomation.pages.ResumoEmpresaPageTest@318ba8c8]" started-at="2020-08-18T08:01:36 BRT" name="setup" finished-at="2020-08-18T08:02:13 BRT" duration-ms="36802" status="PASS">
          <reporter-output>
          </reporter-output>
        </test-method> <!-- setup -->
        <test-method signature="validatePageTest()[pri:1, instance:br.com.recatalog.B3DataAutomation.pages.ResumoEmpresaPageTest@318ba8c8]" started-at="2020-08-18T08:02:13 BRT" name="validatePageTest" finished-at="2020-08-18T08:02:23 BRT" duration-ms="10205" status="PASS">
          <reporter-output>
          </reporter-output>
        </test-method> <!-- validatePageTest -->
        <test-method is-config="true" signature="setup()[pri:0, instance:br.com.recatalog.B3DataAutomation.pages.ResumoEmpresaPageTest@318ba8c8]" started-at="2020-08-18T08:02:23 BRT" name="setup" finished-at="2020-08-18T08:03:01 BRT" duration-ms="38144" status="PASS">
          <reporter-output>
          </reporter-output>
        </test-method> <!-- setup -->
        <test-method signature="stockCodeTest()[pri:2, instance:br.com.recatalog.B3DataAutomation.pages.ResumoEmpresaPageTest@318ba8c8]" started-at="2020-08-18T08:03:01 BRT" name="stockCodeTest" finished-at="2020-08-18T08:03:12 BRT" duration-ms="10161" status="PASS">
          <reporter-output>
          </reporter-output>
        </test-method> <!-- stockCodeTest -->
        <test-method is-config="true" signature="setup()[pri:0, instance:br.com.recatalog.B3DataAutomation.pages.ResumoEmpresaPageTest@318ba8c8]" started-at="2020-08-18T08:03:12 BRT" name="setup" finished-at="2020-08-18T08:03:56 BRT" duration-ms="44071" status="PASS">
          <reporter-output>
          </reporter-output>
        </test-method> <!-- setup -->
        <test-method signature="clickOnVoltarTest()[pri:3, instance:br.com.recatalog.B3DataAutomation.pages.ResumoEmpresaPageTest@318ba8c8]" started-at="2020-08-18T08:03:56 BRT" name="clickOnVoltarTest" finished-at="2020-08-18T08:04:19 BRT" duration-ms="22866" status="FAIL">
          <exception class="org.openqa.selenium.NoSuchFrameException">
            <message>
              <![CDATA[No frame element found by name or id bvmf_iframe
Build info: version: '3.141.59', revision: 'e82be7d358', time: '2018-11-14T08:17:03'
System info: host: 'DESKTOP-EQ0RH0B', ip: '192.168.56.1', os.name: 'Windows 10', os.arch: 'amd64', os.version: '10.0', java.version: '13'
Driver info: driver.version: unknown]]>
            </message>
            <full-stacktrace>
              <![CDATA[org.openqa.selenium.NoSuchFrameException: No frame element found by name or id bvmf_iframe
Build info: version: '3.141.59', revision: 'e82be7d358', time: '2018-11-14T08:17:03'
System info: host: 'DESKTOP-EQ0RH0B', ip: '192.168.56.1', os.name: 'Windows 10', os.arch: 'amd64', os.version: '10.0', java.version: '13'
Driver info: driver.version: unknown
at org.openqa.selenium.remote.RemoteWebDriver$RemoteTargetLocator.frame(RemoteWebDriver.java:885)
at br.com.recatalog.B3DataAutomation.util.Util.switchTo(Util.java:8)
at br.com.recatalog.B3DataAutomation.pages.ResumoEmpresaPage.clickOnVoltar(ResumoEmpresaPage.java:25)
at br.com.recatalog.B3DataAutomation.pages.ResumoEmpresaPageTest.clickOnVoltarTest(ResumoEmpresaPageTest.java:39)
at java.base/jdk.internal.reflect.NativeMethodAccessorImpl.invoke0(Native Method)
at java.base/jdk.internal.reflect.NativeMethodAccessorImpl.invoke(NativeMethodAccessorImpl.java:62)
at java.base/jdk.internal.reflect.DelegatingMethodAccessorImpl.invoke(DelegatingMethodAccessorImpl.java:43)
at java.base/java.lang.reflect.Method.invoke(Method.java:567)
at org.testng.internal.MethodInvocationHelper.invokeMethod(MethodInvocationHelper.java:132)
at org.testng.internal.TestInvoker.invokeMethod(TestInvoker.java:599)
at org.testng.internal.TestInvoker.invokeTestMethod(TestInvoker.java:174)
at org.testng.internal.MethodRunner.runInSequence(MethodRunner.java:46)
at org.testng.internal.TestInvoker$MethodInvocationAgent.invoke(TestInvoker.java:822)
at org.testng.internal.TestInvoker.invokeTestMethods(TestInvoker.java:147)
at org.testng.internal.TestMethodWorker.invokeTestMethods(TestMethodWorker.java:146)
at org.testng.internal.TestMethodWorker.run(TestMethodWorker.java:128)
at java.base/java.util.ArrayList.forEach(ArrayList.java:1507)
at org.testng.TestRunner.privateRun(TestRunner.java:764)
at org.testng.TestRunner.run(TestRunner.java:585)
at org.testng.SuiteRunner.runTest(SuiteRunner.java:384)
at org.testng.SuiteRunner.runSequentially(SuiteRunner.java:378)
at org.testng.SuiteRunner.privateRun(SuiteRunner.java:337)
at org.testng.SuiteRunner.run(SuiteRunner.java:286)
at org.testng.SuiteRunnerWorker.runSuite(SuiteRunnerWorker.java:53)
at org.testng.SuiteRunnerWorker.run(SuiteRunnerWorker.java:96)
at org.testng.TestNG.runSuitesSequentially(TestNG.java:1218)
at org.testng.TestNG.runSuitesLocally(TestNG.java:1140)
at org.testng.TestNG.runSuites(TestNG.java:1069)
at org.testng.TestNG.run(TestNG.java:1037)
at org.testng.remote.AbstractRemoteTestNG.run(AbstractRemoteTestNG.java:115)
at org.testng.remote.RemoteTestNG.initAndRun(RemoteTestNG.java:251)
at org.testng.remote.RemoteTestNG.main(RemoteTestNG.java:77)
]]>
            </full-stacktrace>
          </exception> <!-- org.openqa.selenium.NoSuchFrameException -->
          <reporter-output>
          </reporter-output>
        </test-method> <!-- clickOnVoltarTest -->
      </class> <!-- br.com.recatalog.B3DataAutomation.pages.ResumoEmpresaPageTest -->
    </test> <!-- Test -->
  </suite> <!-- Suite -->
</testng-results>
